#
# There is insufficient memory for the Java Runtime Environment to continue.
# Native memory allocation (malloc) failed to allocate 432176 bytes. Error detail: Chunk::new
# Possible reasons:
#   The system is out of physical RAM or swap space
#   This process is running with CompressedOops enabled, and the Java Heap may be blocking the growth of the native heap
# Possible solutions:
#   Reduce memory load on the system
#   Increase physical memory or swap space
#   Check if swap backing store is full
#   Decrease Java heap size (-Xmx/-Xms)
#   Decrease number of Java threads
#   Decrease Java thread stack sizes (-Xss)
#   Set larger code cache with -XX:ReservedCodeCacheSize=
#   JVM is running with Unscaled Compressed Oops mode in which the Java heap is
#     placed in the first 4GB address space. The Java Heap base address is the
#     maximum limit for the native heap growth. Please use -XX:HeapBaseMinAddress
#     to set the Java Heap base and to place the Java Heap above 4GB virtual address.
# This output file may be truncated or incomplete.
#
#  Out of Memory Error (arena.cpp:149), pid=19292, tid=10548
#
# JRE version: Java(TM) SE Runtime Environment (23.0.1+11) (build 23.0.1+11-39)
# Java VM: Java HotSpot(TM) 64-Bit Server VM (23.0.1+11-39, mixed mode, sharing, tiered, compressed oops, compressed class ptrs, g1 gc, windows-amd64)
# No core dump will be written. Minidumps are not enabled by default on client versions of Windows
#

---------------  S U M M A R Y ------------

Command Line: -javaagent:C:\Program Files\JetBrains\IntelliJ IDEA Community Edition 2024.3.5\lib\idea_rt.jar=58736 -Dfile.encoding=UTF-8 -Dsun.stdout.encoding=UTF-8 -Dsun.stderr.encoding=UTF-8 com.fintara.Main

Host: AMD Ryzen 5 5600H with Radeon Graphics         , 12 cores, 5G,  Windows 11 , 64 bit Build 22621 (10.0.22621.5262)
Time: Wed May  7 10:22:41 2025 SE Asia Standard Time elapsed time: 1.154150 seconds (0d 0h 0m 1s)

---------------  T H R E A D  ---------------

Current thread (0x0000017fc6d8a190):  JavaThread "C2 CompilerThread0" daemon [_thread_in_native, id=10548, stack(0x0000006a25800000,0x0000006a25900000) (1024K)]


Current CompileTask:
C2:1154 1105       4       java.io.WinNTFileSystem::normalize (148 bytes)

Stack: [0x0000006a25800000,0x0000006a25900000]
Native frames: (J=compiled Java code, j=interpreted, Vv=VM code, C=native code)
V  [jvm.dll+0x6e08b9]  (no source info available)
V  [jvm.dll+0x87dc83]  (no source info available)
V  [jvm.dll+0x88010e]  (no source info available)
V  [jvm.dll+0x8807e3]  (no source info available)
V  [jvm.dll+0x27aee6]  (no source info available)
V  [jvm.dll+0xbc06f]  (no source info available)
V  [jvm.dll+0xbc2cb]  (no source info available)
V  [jvm.dll+0x3b3a62]  (no source info available)
V  [jvm.dll+0x38a42b]  (no source info available)
V  [jvm.dll+0x38989a]  (no source info available)
V  [jvm.dll+0x244aa1]  (no source info available)
V  [jvm.dll+0x243dff]  (no source info available)
V  [jvm.dll+0x1c33a0]  (no source info available)
V  [jvm.dll+0x253cf1]  (no source info available)
V  [jvm.dll+0x251faa]  (no source info available)
V  [jvm.dll+0x3ee036]  (no source info available)
V  [jvm.dll+0x824f8b]  (no source info available)
V  [jvm.dll+0x6df065]  (no source info available)
C  [ucrtbase.dll+0x29333]  (no source info available)
C  [KERNEL32.DLL+0x1259d]  (no source info available)
C  [ntdll.dll+0x5af58]  (no source info available)

Lock stack of current Java thread (top to bottom):


---------------  P R O C E S S  ---------------

Threads class SMR info:
_java_thread_list=0x0000017fc7913150, length=12, elements={
0x0000017faab76e10, 0x0000017fc6d72590, 0x0000017fc6d734b0, 0x0000017fc6d77a90,
0x0000017fc6d78770, 0x0000017fc6d791d0, 0x0000017fc6d82380, 0x0000017fc6d8a190,
0x0000017fc6d8b580, 0x0000017fc7420bf0, 0x0000017fc7a038d0, 0x0000017fc7a03f40
}

Java Threads: ( => current thread )
  0x0000017faab76e10 JavaThread "main"                              [_thread_in_vm, id=4812, stack(0x0000006a24a00000,0x0000006a24b00000) (1024K)]
  0x0000017fc6d72590 JavaThread "Reference Handler"          daemon [_thread_blocked, id=22824, stack(0x0000006a25200000,0x0000006a25300000) (1024K)]
  0x0000017fc6d734b0 JavaThread "Finalizer"                  daemon [_thread_blocked, id=13976, stack(0x0000006a25300000,0x0000006a25400000) (1024K)]
  0x0000017fc6d77a90 JavaThread "Signal Dispatcher"          daemon [_thread_blocked, id=2420, stack(0x0000006a25400000,0x0000006a25500000) (1024K)]
  0x0000017fc6d78770 JavaThread "Attach Listener"            daemon [_thread_blocked, id=7000, stack(0x0000006a25500000,0x0000006a25600000) (1024K)]
  0x0000017fc6d791d0 JavaThread "Service Thread"             daemon [_thread_blocked, id=14952, stack(0x0000006a25600000,0x0000006a25700000) (1024K)]
  0x0000017fc6d82380 JavaThread "Monitor Deflation Thread"   daemon [_thread_blocked, id=24236, stack(0x0000006a25700000,0x0000006a25800000) (1024K)]
=>0x0000017fc6d8a190 JavaThread "C2 CompilerThread0"         daemon [_thread_in_native, id=10548, stack(0x0000006a25800000,0x0000006a25900000) (1024K)]
  0x0000017fc6d8b580 JavaThread "C1 CompilerThread0"         daemon [_thread_blocked, id=9500, stack(0x0000006a25900000,0x0000006a25a00000) (1024K)]
  0x0000017fc7420bf0 JavaThread "Common-Cleaner"             daemon [_thread_blocked, id=25308, stack(0x0000006a25a00000,0x0000006a25b00000) (1024K)]
  0x0000017fc7a038d0 JavaThread "Monitor Ctrl-Break"         daemon [_thread_in_native, id=1708, stack(0x0000006a25b00000,0x0000006a25c00000) (1024K)]
  0x0000017fc7a03f40 JavaThread "Notification Thread"        daemon [_thread_blocked, id=21000, stack(0x0000006a25c00000,0x0000006a25d00000) (1024K)]
Total: 12

Other Threads:
  0x0000017fc6d5a1e0 VMThread "VM Thread"                           [id=19892, stack(0x0000006a25100000,0x0000006a25200000) (1024K)]
  0x0000017fc6d467b0 WatcherThread "VM Periodic Task Thread"        [id=15892, stack(0x0000006a25000000,0x0000006a25100000) (1024K)]
  0x0000017faabc0b00 WorkerThread "GC Thread#0"                     [id=22912, stack(0x0000006a24b00000,0x0000006a24c00000) (1024K)]
  0x0000017faabd0f70 ConcurrentGCThread "G1 Main Marker"            [id=15652, stack(0x0000006a24c00000,0x0000006a24d00000) (1024K)]
  0x0000017faabd2a90 WorkerThread "G1 Conc#0"                       [id=22364, stack(0x0000006a24d00000,0x0000006a24e00000) (1024K)]
  0x0000017fc6c1d3e0 ConcurrentGCThread "G1 Refine#0"               [id=25160, stack(0x0000006a24e00000,0x0000006a24f00000) (1024K)]
  0x0000017fc6c1dc10 ConcurrentGCThread "G1 Service"                [id=2764, stack(0x0000006a24f00000,0x0000006a25000000) (1024K)]
Total: 7

Threads with active compile tasks:
C2 CompilerThread0  1199 1105       4       java.io.WinNTFileSystem::normalize (148 bytes)
Total: 1

VM state: not at safepoint (normal execution)

VM Mutex/Monitor currently owned by a thread:  ([mutex/lock_event])
[0x00007fff6ca01890] Metaspace_lock - owner thread: 0x0000017faab76e10

Heap address: 0x00000000a2400000, size: 1500 MB, Compressed Oops mode: 32-bit

CDS archive(s) mapped at: [0x0000017fc8000000-0x0000017fc8d70000-0x0000017fc8d70000), size 14090240, SharedBaseAddress: 0x0000017fc8000000, ArchiveRelocationMode: 1.
Compressed class space mapped at: 0x0000017fc9000000-0x0000018009000000, reserved size: 1073741824
Narrow klass base: 0x0000017fc8000000, Narrow klass shift: 0, Narrow klass range: 0x41000000

GC Precious Log:
 CardTable entry size: 512
 Card Set container configuration: InlinePtr #cards 5 size 8 Array Of Cards #cards 10 size 36 Howl #buckets 4 coarsen threshold 1843 Howl Bitmap #cards 512 size 80 coarsen threshold 460 Card regions per heap region 1 cards per card region 2048
 CPUs: 12 total, 12 available
 Memory: 5996M
 Large Page Support: Disabled
 NUMA Support: Disabled
 Compressed Oops: Enabled (32-bit)
 Heap Region Size: 1M
 Heap Min Capacity: 8M
 Heap Initial Capacity: 94M
 Heap Max Capacity: 1500M
 Pre-touch: Disabled
 Parallel Workers: 10
 Concurrent Workers: 3
 Concurrent Refinement Workers: 10
 Periodic GC: Disabled

Heap:
 garbage-first heap   total reserved 1536000K, committed 96256K, used 17408K [0x00000000a2400000, 0x0000000100000000)
  region size 1024K, 18 young (18432K), 0 survivors (0K)
 Metaspace       used 4640K, committed 4800K, reserved 1114112K
  class space    used 538K, committed 640K, reserved 1048576K

Heap Regions: E=young(eden), S=young(survivor), O=old, HS=humongous(starts), HC=humongous(continues), CS=collection set, F=free, TAMS=top-at-mark-start, PB=parsable bottom
|   0|0x00000000a2400000, 0x00000000a2500000, 0x00000000a2500000|100%|HS|  |TAMS 0x00000000a2400000| PB 0x00000000a2400000| Complete |  0
|   1|0x00000000a2500000, 0x00000000a2500000, 0x00000000a2600000|  0%| F|  |TAMS 0x00000000a2500000| PB 0x00000000a2500000| Untracked |  0
|   2|0x00000000a2600000, 0x00000000a2600000, 0x00000000a2700000|  0%| F|  |TAMS 0x00000000a2600000| PB 0x00000000a2600000| Untracked |  0
|   3|0x00000000a2700000, 0x00000000a2700000, 0x00000000a2800000|  0%| F|  |TAMS 0x00000000a2700000| PB 0x00000000a2700000| Untracked |  0
|   4|0x00000000a2800000, 0x00000000a2800000, 0x00000000a2900000|  0%| F|  |TAMS 0x00000000a2800000| PB 0x00000000a2800000| Untracked |  0
|   5|0x00000000a2900000, 0x00000000a2900000, 0x00000000a2a00000|  0%| F|  |TAMS 0x00000000a2900000| PB 0x00000000a2900000| Untracked |  0
|   6|0x00000000a2a00000, 0x00000000a2a00000, 0x00000000a2b00000|  0%| F|  |TAMS 0x00000000a2a00000| PB 0x00000000a2a00000| Untracked |  0
|   7|0x00000000a2b00000, 0x00000000a2b00000, 0x00000000a2c00000|  0%| F|  |TAMS 0x00000000a2b00000| PB 0x00000000a2b00000| Untracked |  0
|   8|0x00000000a2c00000, 0x00000000a2c00000, 0x00000000a2d00000|  0%| F|  |TAMS 0x00000000a2c00000| PB 0x00000000a2c00000| Untracked |  0
|   9|0x00000000a2d00000, 0x00000000a2d00000, 0x00000000a2e00000|  0%| F|  |TAMS 0x00000000a2d00000| PB 0x00000000a2d00000| Untracked |  0
|  10|0x00000000a2e00000, 0x00000000a2e00000, 0x00000000a2f00000|  0%| F|  |TAMS 0x00000000a2e00000| PB 0x00000000a2e00000| Untracked |  0
|  11|0x00000000a2f00000, 0x00000000a2f00000, 0x00000000a3000000|  0%| F|  |TAMS 0x00000000a2f00000| PB 0x00000000a2f00000| Untracked |  0
|  12|0x00000000a3000000, 0x00000000a3000000, 0x00000000a3100000|  0%| F|  |TAMS 0x00000000a3000000| PB 0x00000000a3000000| Untracked |  0
|  13|0x00000000a3100000, 0x00000000a3100000, 0x00000000a3200000|  0%| F|  |TAMS 0x00000000a3100000| PB 0x00000000a3100000| Untracked |  0
|  14|0x00000000a3200000, 0x00000000a3200000, 0x00000000a3300000|  0%| F|  |TAMS 0x00000000a3200000| PB 0x00000000a3200000| Untracked |  0
|  15|0x00000000a3300000, 0x00000000a3300000, 0x00000000a3400000|  0%| F|  |TAMS 0x00000000a3300000| PB 0x00000000a3300000| Untracked |  0
|  16|0x00000000a3400000, 0x00000000a3400000, 0x00000000a3500000|  0%| F|  |TAMS 0x00000000a3400000| PB 0x00000000a3400000| Untracked |  0
|  17|0x00000000a3500000, 0x00000000a3500000, 0x00000000a3600000|  0%| F|  |TAMS 0x00000000a3500000| PB 0x00000000a3500000| Untracked |  0
|  18|0x00000000a3600000, 0x00000000a3600000, 0x00000000a3700000|  0%| F|  |TAMS 0x00000000a3600000| PB 0x00000000a3600000| Untracked |  0
|  19|0x00000000a3700000, 0x00000000a3700000, 0x00000000a3800000|  0%| F|  |TAMS 0x00000000a3700000| PB 0x00000000a3700000| Untracked |  0
|  20|0x00000000a3800000, 0x00000000a3800000, 0x00000000a3900000|  0%| F|  |TAMS 0x00000000a3800000| PB 0x00000000a3800000| Untracked |  0
|  21|0x00000000a3900000, 0x00000000a3900000, 0x00000000a3a00000|  0%| F|  |TAMS 0x00000000a3900000| PB 0x00000000a3900000| Untracked |  0
|  22|0x00000000a3a00000, 0x00000000a3a00000, 0x00000000a3b00000|  0%| F|  |TAMS 0x00000000a3a00000| PB 0x00000000a3a00000| Untracked |  0
|  23|0x00000000a3b00000, 0x00000000a3b00000, 0x00000000a3c00000|  0%| F|  |TAMS 0x00000000a3b00000| PB 0x00000000a3b00000| Untracked |  0
|  24|0x00000000a3c00000, 0x00000000a3c00000, 0x00000000a3d00000|  0%| F|  |TAMS 0x00000000a3c00000| PB 0x00000000a3c00000| Untracked |  0
|  25|0x00000000a3d00000, 0x00000000a3d00000, 0x00000000a3e00000|  0%| F|  |TAMS 0x00000000a3d00000| PB 0x00000000a3d00000| Untracked |  0
|  26|0x00000000a3e00000, 0x00000000a3e00000, 0x00000000a3f00000|  0%| F|  |TAMS 0x00000000a3e00000| PB 0x00000000a3e00000| Untracked |  0
|  27|0x00000000a3f00000, 0x00000000a3f00000, 0x00000000a4000000|  0%| F|  |TAMS 0x00000000a3f00000| PB 0x00000000a3f00000| Untracked |  0
|  28|0x00000000a4000000, 0x00000000a4000000, 0x00000000a4100000|  0%| F|  |TAMS 0x00000000a4000000| PB 0x00000000a4000000| Untracked |  0
|  29|0x00000000a4100000, 0x00000000a4100000, 0x00000000a4200000|  0%| F|  |TAMS 0x00000000a4100000| PB 0x00000000a4100000| Untracked |  0
|  30|0x00000000a4200000, 0x00000000a4200000, 0x00000000a4300000|  0%| F|  |TAMS 0x00000000a4200000| PB 0x00000000a4200000| Untracked |  0
|  31|0x00000000a4300000, 0x00000000a4300000, 0x00000000a4400000|  0%| F|  |TAMS 0x00000000a4300000| PB 0x00000000a4300000| Untracked |  0
|  32|0x00000000a4400000, 0x00000000a4400000, 0x00000000a4500000|  0%| F|  |TAMS 0x00000000a4400000| PB 0x00000000a4400000| Untracked |  0
|  33|0x00000000a4500000, 0x00000000a4500000, 0x00000000a4600000|  0%| F|  |TAMS 0x00000000a4500000| PB 0x00000000a4500000| Untracked |  0
|  34|0x00000000a4600000, 0x00000000a4600000, 0x00000000a4700000|  0%| F|  |TAMS 0x00000000a4600000| PB 0x00000000a4600000| Untracked |  0
|  35|0x00000000a4700000, 0x00000000a4700000, 0x00000000a4800000|  0%| F|  |TAMS 0x00000000a4700000| PB 0x00000000a4700000| Untracked |  0
|  36|0x00000000a4800000, 0x00000000a4800000, 0x00000000a4900000|  0%| F|  |TAMS 0x00000000a4800000| PB 0x00000000a4800000| Untracked |  0
|  37|0x00000000a4900000, 0x00000000a4900000, 0x00000000a4a00000|  0%| F|  |TAMS 0x00000000a4900000| PB 0x00000000a4900000| Untracked |  0
|  38|0x00000000a4a00000, 0x00000000a4a00000, 0x00000000a4b00000|  0%| F|  |TAMS 0x00000000a4a00000| PB 0x00000000a4a00000| Untracked |  0
|  39|0x00000000a4b00000, 0x00000000a4b00000, 0x00000000a4c00000|  0%| F|  |TAMS 0x00000000a4b00000| PB 0x00000000a4b00000| Untracked |  0
|  40|0x00000000a4c00000, 0x00000000a4c00000, 0x00000000a4d00000|  0%| F|  |TAMS 0x00000000a4c00000| PB 0x00000000a4c00000| Untracked |  0
|  41|0x00000000a4d00000, 0x00000000a4d00000, 0x00000000a4e00000|  0%| F|  |TAMS 0x00000000a4d00000| PB 0x00000000a4d00000| Untracked |  0
|  42|0x00000000a4e00000, 0x00000000a4e00000, 0x00000000a4f00000|  0%| F|  |TAMS 0x00000000a4e00000| PB 0x00000000a4e00000| Untracked |  0
|  43|0x00000000a4f00000, 0x00000000a4f00000, 0x00000000a5000000|  0%| F|  |TAMS 0x00000000a4f00000| PB 0x00000000a4f00000| Untracked |  0
|  44|0x00000000a5000000, 0x00000000a5000000, 0x00000000a5100000|  0%| F|  |TAMS 0x00000000a5000000| PB 0x00000000a5000000| Untracked |  0
|  45|0x00000000a5100000, 0x00000000a5100000, 0x00000000a5200000|  0%| F|  |TAMS 0x00000000a5100000| PB 0x00000000a5100000| Untracked |  0
|  46|0x00000000a5200000, 0x00000000a5200000, 0x00000000a5300000|  0%| F|  |TAMS 0x00000000a5200000| PB 0x00000000a5200000| Untracked |  0
|  47|0x00000000a5300000, 0x00000000a5300000, 0x00000000a5400000|  0%| F|  |TAMS 0x00000000a5300000| PB 0x00000000a5300000| Untracked |  0
|  48|0x00000000a5400000, 0x00000000a5400000, 0x00000000a5500000|  0%| F|  |TAMS 0x00000000a5400000| PB 0x00000000a5400000| Untracked |  0
|  49|0x00000000a5500000, 0x00000000a5500000, 0x00000000a5600000|  0%| F|  |TAMS 0x00000000a5500000| PB 0x00000000a5500000| Untracked |  0
|  50|0x00000000a5600000, 0x00000000a5600000, 0x00000000a5700000|  0%| F|  |TAMS 0x00000000a5600000| PB 0x00000000a5600000| Untracked |  0
|  51|0x00000000a5700000, 0x00000000a5700000, 0x00000000a5800000|  0%| F|  |TAMS 0x00000000a5700000| PB 0x00000000a5700000| Untracked |  0
|  52|0x00000000a5800000, 0x00000000a5800000, 0x00000000a5900000|  0%| F|  |TAMS 0x00000000a5800000| PB 0x00000000a5800000| Untracked |  0
|  53|0x00000000a5900000, 0x00000000a5900000, 0x00000000a5a00000|  0%| F|  |TAMS 0x00000000a5900000| PB 0x00000000a5900000| Untracked |  0
|  54|0x00000000a5a00000, 0x00000000a5a00000, 0x00000000a5b00000|  0%| F|  |TAMS 0x00000000a5a00000| PB 0x00000000a5a00000| Untracked |  0
|  55|0x00000000a5b00000, 0x00000000a5b00000, 0x00000000a5c00000|  0%| F|  |TAMS 0x00000000a5b00000| PB 0x00000000a5b00000| Untracked |  0
|  56|0x00000000a5c00000, 0x00000000a5c00000, 0x00000000a5d00000|  0%| F|  |TAMS 0x00000000a5c00000| PB 0x00000000a5c00000| Untracked |  0
|  57|0x00000000a5d00000, 0x00000000a5d00000, 0x00000000a5e00000|  0%| F|  |TAMS 0x00000000a5d00000| PB 0x00000000a5d00000| Untracked |  0
|  58|0x00000000a5e00000, 0x00000000a5e00000, 0x00000000a5f00000|  0%| F|  |TAMS 0x00000000a5e00000| PB 0x00000000a5e00000| Untracked |  0
|  59|0x00000000a5f00000, 0x00000000a5f00000, 0x00000000a6000000|  0%| F|  |TAMS 0x00000000a5f00000| PB 0x00000000a5f00000| Untracked |  0
|  60|0x00000000a6000000, 0x00000000a6000000, 0x00000000a6100000|  0%| F|  |TAMS 0x00000000a6000000| PB 0x00000000a6000000| Untracked |  0
|  61|0x00000000a6100000, 0x00000000a6100000, 0x00000000a6200000|  0%| F|  |TAMS 0x00000000a6100000| PB 0x00000000a6100000| Untracked |  0
|  62|0x00000000a6200000, 0x00000000a6200000, 0x00000000a6300000|  0%| F|  |TAMS 0x00000000a6200000| PB 0x00000000a6200000| Untracked |  0
|  63|0x00000000a6300000, 0x00000000a6300000, 0x00000000a6400000|  0%| F|  |TAMS 0x00000000a6300000| PB 0x00000000a6300000| Untracked |  0
|  64|0x00000000a6400000, 0x00000000a6400000, 0x00000000a6500000|  0%| F|  |TAMS 0x00000000a6400000| PB 0x00000000a6400000| Untracked |  0
|  65|0x00000000a6500000, 0x00000000a6500000, 0x00000000a6600000|  0%| F|  |TAMS 0x00000000a6500000| PB 0x00000000a6500000| Untracked |  0
|  66|0x00000000a6600000, 0x00000000a6600000, 0x00000000a6700000|  0%| F|  |TAMS 0x00000000a6600000| PB 0x00000000a6600000| Untracked |  0
|  67|0x00000000a6700000, 0x00000000a6700000, 0x00000000a6800000|  0%| F|  |TAMS 0x00000000a6700000| PB 0x00000000a6700000| Untracked |  0
|  68|0x00000000a6800000, 0x00000000a6800000, 0x00000000a6900000|  0%| F|  |TAMS 0x00000000a6800000| PB 0x00000000a6800000| Untracked |  0
|  69|0x00000000a6900000, 0x00000000a6900000, 0x00000000a6a00000|  0%| F|  |TAMS 0x00000000a6900000| PB 0x00000000a6900000| Untracked |  0
|  70|0x00000000a6a00000, 0x00000000a6a00000, 0x00000000a6b00000|  0%| F|  |TAMS 0x00000000a6a00000| PB 0x00000000a6a00000| Untracked |  0
|  71|0x00000000a6b00000, 0x00000000a6b00000, 0x00000000a6c00000|  0%| F|  |TAMS 0x00000000a6b00000| PB 0x00000000a6b00000| Untracked |  0
|  72|0x00000000a6c00000, 0x00000000a6c00000, 0x00000000a6d00000|  0%| F|  |TAMS 0x00000000a6c00000| PB 0x00000000a6c00000| Untracked |  0
|  73|0x00000000a6d00000, 0x00000000a6d00000, 0x00000000a6e00000|  0%| F|  |TAMS 0x00000000a6d00000| PB 0x00000000a6d00000| Untracked |  0
|  74|0x00000000a6e00000, 0x00000000a6e00000, 0x00000000a6f00000|  0%| F|  |TAMS 0x00000000a6e00000| PB 0x00000000a6e00000| Untracked |  0
|  75|0x00000000a6f00000, 0x00000000a6f00000, 0x00000000a7000000|  0%| F|  |TAMS 0x00000000a6f00000| PB 0x00000000a6f00000| Untracked |  0
|  76|0x00000000a7000000, 0x00000000a70fcdf8, 0x00000000a7100000| 98%| E|  |TAMS 0x00000000a7000000| PB 0x00000000a7000000| Complete |  0
|  77|0x00000000a7100000, 0x00000000a7200000, 0x00000000a7200000|100%| E|CS|TAMS 0x00000000a7100000| PB 0x00000000a7100000| Complete |  0
|  78|0x00000000a7200000, 0x00000000a7300000, 0x00000000a7300000|100%| E|CS|TAMS 0x00000000a7200000| PB 0x00000000a7200000| Complete |  0
|  79|0x00000000a7300000, 0x00000000a7400000, 0x00000000a7400000|100%| E|CS|TAMS 0x00000000a7300000| PB 0x00000000a7300000| Complete |  0
|  80|0x00000000a7400000, 0x00000000a7500000, 0x00000000a7500000|100%| E|CS|TAMS 0x00000000a7400000| PB 0x00000000a7400000| Complete |  0
|  81|0x00000000a7500000, 0x00000000a7600000, 0x00000000a7600000|100%| E|CS|TAMS 0x00000000a7500000| PB 0x00000000a7500000| Complete |  0
|  82|0x00000000a7600000, 0x00000000a7700000, 0x00000000a7700000|100%| E|CS|TAMS 0x00000000a7600000| PB 0x00000000a7600000| Complete |  0
|  83|0x00000000a7700000, 0x00000000a7800000, 0x00000000a7800000|100%| E|CS|TAMS 0x00000000a7700000| PB 0x00000000a7700000| Complete |  0
|  84|0x00000000a7800000, 0x00000000a7900000, 0x00000000a7900000|100%| E|CS|TAMS 0x00000000a7800000| PB 0x00000000a7800000| Complete |  0
|  85|0x00000000a7900000, 0x00000000a7a00000, 0x00000000a7a00000|100%| E|CS|TAMS 0x00000000a7900000| PB 0x00000000a7900000| Complete |  0
|  86|0x00000000a7a00000, 0x00000000a7b00000, 0x00000000a7b00000|100%| E|CS|TAMS 0x00000000a7a00000| PB 0x00000000a7a00000| Complete |  0
|  87|0x00000000a7b00000, 0x00000000a7c00000, 0x00000000a7c00000|100%| E|CS|TAMS 0x00000000a7b00000| PB 0x00000000a7b00000| Complete |  0
|  88|0x00000000a7c00000, 0x00000000a7d00000, 0x00000000a7d00000|100%| E|CS|TAMS 0x00000000a7c00000| PB 0x00000000a7c00000| Complete |  0
|  89|0x00000000a7d00000, 0x00000000a7e00000, 0x00000000a7e00000|100%| E|CS|TAMS 0x00000000a7d00000| PB 0x00000000a7d00000| Complete |  0
|  90|0x00000000a7e00000, 0x00000000a7f00000, 0x00000000a7f00000|100%| E|  |TAMS 0x00000000a7e00000| PB 0x00000000a7e00000| Complete |  0
|  91|0x00000000a7f00000, 0x00000000a8000000, 0x00000000a8000000|100%| E|CS|TAMS 0x00000000a7f00000| PB 0x00000000a7f00000| Complete |  0
|  92|0x00000000a8000000, 0x00000000a8100000, 0x00000000a8100000|100%| E|CS|TAMS 0x00000000a8000000| PB 0x00000000a8000000| Complete |  0
|  93|0x00000000a8100000, 0x00000000a8200000, 0x00000000a8200000|100%| E|CS|TAMS 0x00000000a8100000| PB 0x00000000a8100000| Complete |  0

Card table byte_map: [0x0000017fc2bf0000,0x0000017fc2ee0000] _byte_map_base: 0x0000017fc26de000

Marking Bits: (CMBitMap*) 0x0000017faabc1210
 Bits: [0x0000017fc2ee0000, 0x0000017fc4650000)

Polling page: 0x0000017fa8980000

Metaspace:

Usage:
  Non-class:      4.01 MB used.
      Class:    538.57 KB used.
       Both:      4.53 MB used.

Virtual space:
  Non-class space:       64.00 MB reserved,       4.06 MB (  6%) committed,  1 nodes.
      Class space:        1.00 GB reserved,     640.00 KB ( <1%) committed,  1 nodes.
             Both:        1.06 GB reserved,       4.69 MB ( <1%) committed. 

Chunk freelists:
   Non-Class:  10.44 MB
       Class:  15.20 MB
        Both:  25.64 MB

MaxMetaspaceSize: unlimited
CompressedClassSpaceSize: 1.00 GB
Initial GC threshold: 21.00 MB
Current GC threshold: 21.00 MB
CDS: on
 - commit_granule_bytes: 65536.
 - commit_granule_words: 8192.
 - virtual_space_node_default_size: 8388608.
 - enlarge_chunks_in_place: 1.
 - use_allocation_guard: 0.


Internal statistics:

num_allocs_failed_limit: 0.
num_arena_births: 138.
num_arena_deaths: 0.
num_vsnodes_births: 2.
num_vsnodes_deaths: 0.
num_space_committed: 75.
num_space_uncommitted: 0.
num_chunks_returned_to_freelist: 0.
num_chunks_taken_from_freelist: 233.
num_chunk_merges: 0.
num_chunk_splits: 149.
num_chunks_enlarged: 103.
num_inconsistent_stats: 0.

CodeHeap 'non-profiled nmethods': size=120064Kb used=358Kb max_used=358Kb free=119705Kb
 bounds [0x0000017fbad50000, 0x0000017fbafc0000, 0x0000017fc2290000]
CodeHeap 'profiled nmethods': size=120000Kb used=1419Kb max_used=1419Kb free=118580Kb
 bounds [0x0000017fb3290000, 0x0000017fb3500000, 0x0000017fba7c0000]
CodeHeap 'non-nmethods': size=5696Kb used=1368Kb max_used=1382Kb free=4328Kb
 bounds [0x0000017fba7c0000, 0x0000017fbaa30000, 0x0000017fbad50000]
CodeCache: size=245760Kb, used=3145Kb, max_used=3159Kb, free=242613Kb
 total_blobs=1602, nmethods=1123, adapters=385, full_count=0
Compilation: enabled, stopped_count=0, restarted_count=0

Compilation events (20 events):
Event: 1.135 Thread 0x0000017fc6d8b580 nmethod 1104 0x0000017fb33ed408 code [0x0000017fb33ed580, 0x0000017fb33edb68]
Event: 1.135 Thread 0x0000017fc6d8a190 1105       4       java.io.WinNTFileSystem::normalize (148 bytes)
Event: 1.143 Thread 0x0000017fc6d8b580 1106       3       java.lang.invoke.DirectMethodHandle::preparedLambdaForm (6 bytes)
Event: 1.143 Thread 0x0000017fc6d8b580 nmethod 1106 0x0000017fb33edc08 code [0x0000017fb33edd20, 0x0000017fb33ede40]
Event: 1.146 Thread 0x0000017fc6d8b580 1107       1       java.util.zip.ZipEntry::getName (5 bytes)
Event: 1.146 Thread 0x0000017fc6d8b580 nmethod 1107 0x0000017fbada8c88 code [0x0000017fbada8da0, 0x0000017fbada8e68]
Event: 1.147 Thread 0x0000017fc6d8b580 1108       3       sun.reflect.generics.parser.SignatureParser::current (59 bytes)
Event: 1.147 Thread 0x0000017fc6d8b580 nmethod 1108 0x0000017fb33edf08 code [0x0000017fb33ee0a0, 0x0000017fb33ee768]
Event: 1.147 Thread 0x0000017fc6d8b580 1109       3       sun.reflect.generics.parser.SignatureParser::advance (53 bytes)
Event: 1.148 Thread 0x0000017fc6d8b580 nmethod 1109 0x0000017fb33ee808 code [0x0000017fb33ee940, 0x0000017fb33eeb88]
Event: 1.148 Thread 0x0000017fc6d8b580 1110       3       jdk.internal.org.objectweb.asm.SymbolTable$Entry::<init> (18 bytes)
Event: 1.148 Thread 0x0000017fc6d8b580 nmethod 1110 0x0000017fb33eec08 code [0x0000017fb33eed20, 0x0000017fb33eee98]
Event: 1.151 Thread 0x0000017fc6d8b580 1111       1       java.util.concurrent.atomic.AtomicInteger::get (5 bytes)
Event: 1.151 Thread 0x0000017fc6d8b580 nmethod 1111 0x0000017fbada8f88 code [0x0000017fbada90a0, 0x0000017fbada9168]
Event: 1.151 Thread 0x0000017fc6d8b580 1112       3       java.lang.CharacterDataLatin1::isWhitespace (23 bytes)
Event: 1.151 Thread 0x0000017fc6d8b580 nmethod 1112 0x0000017fb33eef08 code [0x0000017fb33ef020, 0x0000017fb33ef220]
Event: 1.151 Thread 0x0000017fc6d8b580 1113       3       java.lang.Character::isWhitespace (5 bytes)
Event: 1.151 Thread 0x0000017fc6d8b580 nmethod 1113 0x0000017fb33ef288 code [0x0000017fb33ef3c0, 0x0000017fb33ef618]
Event: 1.152 Thread 0x0000017fc6d8b580 1115       3       java.lang.Module::isNamed (13 bytes)
Event: 1.152 Thread 0x0000017fc6d8b580 nmethod 1115 0x0000017fb33ef688 code [0x0000017fb33ef7a0, 0x0000017fb33ef900]

GC Heap History (0 events):
No events

Dll operation events (9 events):
Event: 0.016 Loaded shared library C:\Program Files\Java\jdk-23\bin\java.dll
Event: 0.052 Loaded shared library C:\Program Files\Java\jdk-23\bin\jsvml.dll
Event: 0.171 Loaded shared library C:\Program Files\Java\jdk-23\bin\zip.dll
Event: 0.176 Loaded shared library C:\Program Files\Java\jdk-23\bin\instrument.dll
Event: 0.180 Loaded shared library C:\Program Files\Java\jdk-23\bin\net.dll
Event: 0.182 Loaded shared library C:\Program Files\Java\jdk-23\bin\nio.dll
Event: 0.187 Loaded shared library C:\Program Files\Java\jdk-23\bin\zip.dll
Event: 0.683 Loaded shared library C:\Program Files\Java\jdk-23\bin\extnet.dll
Event: 0.769 Loaded shared library C:\Program Files\Java\jdk-23\bin\jimage.dll

Deoptimization events (20 events):
Event: 0.778 Thread 0x0000017faab76e10 DEOPT PACKING pc=0x0000017fb3306186 sp=0x0000006a24afd090
Event: 0.778 Thread 0x0000017faab76e10 DEOPT UNPACKING pc=0x0000017fba814b22 sp=0x0000006a24afc520 mode 0
Event: 0.779 Thread 0x0000017faab76e10 DEOPT PACKING pc=0x0000017fb3306186 sp=0x0000006a24afd090
Event: 0.779 Thread 0x0000017faab76e10 DEOPT UNPACKING pc=0x0000017fba814b22 sp=0x0000006a24afc520 mode 0
Event: 0.781 Thread 0x0000017faab76e10 DEOPT PACKING pc=0x0000017fb3306186 sp=0x0000006a24af98e0
Event: 0.781 Thread 0x0000017faab76e10 DEOPT UNPACKING pc=0x0000017fba814b22 sp=0x0000006a24af8d70 mode 0
Event: 0.828 Thread 0x0000017faab76e10 Uncommon trap: trap_request=0xffffff6e fr.pc=0x0000017fbad81220 relative=0x0000000000000180
Event: 0.828 Thread 0x0000017faab76e10 Uncommon trap: reason=loop_limit_check action=maybe_recompile pc=0x0000017fbad81220 method=java.lang.StringLatin1.lastIndexOf([BII)I @ 19 c2
Event: 0.829 Thread 0x0000017faab76e10 DEOPT PACKING pc=0x0000017fbad81220 sp=0x0000006a24afcdc0
Event: 0.829 Thread 0x0000017faab76e10 DEOPT UNPACKING pc=0x0000017fba814402 sp=0x0000006a24afcd40 mode 2
Event: 0.873 Thread 0x0000017faab76e10 Uncommon trap: trap_request=0xffffff6e fr.pc=0x0000017fbad8ed60 relative=0x0000000000000440
Event: 0.873 Thread 0x0000017faab76e10 Uncommon trap: reason=loop_limit_check action=maybe_recompile pc=0x0000017fbad8ed60 method=java.lang.StringLatin1.indexOf([BI[BII)I @ 37 c2
Event: 0.873 Thread 0x0000017faab76e10 DEOPT PACKING pc=0x0000017fbad8ed60 sp=0x0000006a24afdd30
Event: 0.873 Thread 0x0000017faab76e10 DEOPT UNPACKING pc=0x0000017fba814402 sp=0x0000006a24afdc90 mode 2
Event: 0.932 Thread 0x0000017faab76e10 DEOPT PACKING pc=0x0000017fb329c2bf sp=0x0000006a24afd720
Event: 0.932 Thread 0x0000017faab76e10 DEOPT UNPACKING pc=0x0000017fba814b22 sp=0x0000006a24afcb98 mode 0
Event: 0.937 Thread 0x0000017faab76e10 DEOPT PACKING pc=0x0000017fb3306186 sp=0x0000006a24afdf10
Event: 0.937 Thread 0x0000017faab76e10 DEOPT UNPACKING pc=0x0000017fba814b22 sp=0x0000006a24afd3a0 mode 0
Event: 0.937 Thread 0x0000017faab76e10 DEOPT PACKING pc=0x0000017fb3306186 sp=0x0000006a24afdf10
Event: 0.937 Thread 0x0000017faab76e10 DEOPT UNPACKING pc=0x0000017fba814b22 sp=0x0000006a24afd3a0 mode 0

Classes loaded (20 events):
Event: 1.146 Loading class java/lang/reflect/TypeVariable
Event: 1.147 Loading class java/lang/reflect/TypeVariable done
Event: 1.147 Loading class sun/reflect/generics/tree/FormalTypeParameter
Event: 1.147 Loading class sun/reflect/generics/tree/FormalTypeParameter done
Event: 1.147 Loading class sun/reflect/generics/tree/ClassSignature
Event: 1.147 Loading class sun/reflect/generics/tree/Signature
Event: 1.147 Loading class sun/reflect/generics/tree/Signature done
Event: 1.147 Loading class sun/reflect/generics/tree/ClassSignature done
Event: 1.147 Loading class sun/reflect/generics/reflectiveObjects/TypeVariableImpl
Event: 1.147 Loading class sun/reflect/generics/reflectiveObjects/LazyReflectiveObjectGenerator
Event: 1.147 Loading class sun/reflect/generics/reflectiveObjects/LazyReflectiveObjectGenerator done
Event: 1.147 Loading class sun/reflect/generics/reflectiveObjects/TypeVariableImpl done
Event: 1.149 Loading class java/lang/reflect/ParameterizedType
Event: 1.149 Loading class java/lang/reflect/ParameterizedType done
Event: 1.149 Loading class java/lang/reflect/WildcardType
Event: 1.149 Loading class java/lang/reflect/WildcardType done
Event: 1.151 Loading class sun/reflect/generics/tree/TypeVariableSignature
Event: 1.151 Loading class sun/reflect/generics/tree/TypeVariableSignature done
Event: 1.151 Loading class sun/reflect/generics/reflectiveObjects/ParameterizedTypeImpl
Event: 1.151 Loading class sun/reflect/generics/reflectiveObjects/ParameterizedTypeImpl done

Classes unloaded (0 events):
No events

Classes redefined (0 events):
No events

Internal exceptions (12 events):
Event: 0.663 Thread 0x0000017faab76e10 Exception <a 'java/lang/NoSuchMethodError'{0x00000000a786e4d0}: 'java.lang.Object java.lang.invoke.Invokers$Holder.invokeExact_MT(java.lang.Object, java.lang.Object, java.lang.Object, java.lang.Object, java.lang.Object)'> (0x00000000a786e4d0) 
thrown [s\open\src\hotspot\share\interpreter\linkResolver.cpp, line 796]
Event: 0.685 Thread 0x0000017fc7a038d0 Exception <a 'java/lang/NoSuchMethodError'{0x00000000a78934b0}: 'void java.lang.invoke.DirectMethodHandle$Holder.invokeStatic(java.lang.Object, java.lang.Object)'> (0x00000000a78934b0) 
thrown [s\open\src\hotspot\share\interpreter\linkResolver.cpp, line 796]
Event: 0.717 Thread 0x0000017faab76e10 Exception <a 'java/lang/NoSuchMethodError'{0x00000000a7795ef0}: 'java.lang.Object java.lang.invoke.DirectMethodHandle$Holder.invokeSpecialIFC(java.lang.Object, java.lang.Object, java.lang.Object, java.lang.Object)'> (0x00000000a7795ef0) 
thrown [s\open\src\hotspot\share\interpreter\linkResolver.cpp, line 796]
Event: 0.834 Thread 0x0000017faab76e10 Exception <a 'java/lang/ClassNotFoundException'{0x00000000a755e090}: javax/smartcardio/CardPermission> (0x00000000a755e090) 
thrown [s\open\src\hotspot\share\classfile\systemDictionary.cpp, line 313]
Event: 0.839 Thread 0x0000017faab76e10 Exception <a 'java/io/FileNotFoundException'{0x00000000a756c2d8}> (0x00000000a756c2d8) 
thrown [s\open\src\hotspot\share\prims\jni.cpp, line 520]
Event: 0.865 Thread 0x0000017faab76e10 Exception <a 'java/lang/NoSuchMethodError'{0x00000000a75e4968}: 'java.lang.Object java.lang.invoke.DirectMethodHandle$Holder.invokeSpecial(java.lang.Object, java.lang.Object, java.lang.Object, long, java.lang.Object)'> (0x00000000a75e4968) 
thrown [s\open\src\hotspot\share\interpreter\linkResolver.cpp, line 796]
Event: 0.865 Thread 0x0000017faab76e10 Exception <a 'java/lang/NoSuchMethodError'{0x00000000a75e82e0}: 'java.lang.Object java.lang.invoke.Invokers$Holder.linkToTargetMethod(java.lang.Object, long, java.lang.Object, java.lang.Object)'> (0x00000000a75e82e0) 
thrown [s\open\src\hotspot\share\interpreter\linkResolver.cpp, line 796]
Event: 0.945 Thread 0x0000017faab76e10 Exception <a 'java/lang/NoSuchMethodError'{0x00000000a73b4d88}: 'void java.lang.invoke.DirectMethodHandle$Holder.invokeStatic(java.lang.Object, java.lang.Object, java.lang.Object, java.lang.Object)'> (0x00000000a73b4d88) 
thrown [s\open\src\hotspot\share\interpreter\linkResolver.cpp, line 796]
Event: 1.001 Thread 0x0000017faab76e10 Exception <a 'java/lang/NoSuchMethodError'{0x00000000a72bf5d8}: 'int java.lang.invoke.DirectMethodHandle$Holder.invokeStaticInit(java.lang.Object, java.lang.Object)'> (0x00000000a72bf5d8) 
thrown [s\open\src\hotspot\share\interpreter\linkResolver.cpp, line 796]
Event: 1.045 Thread 0x0000017faab76e10 Exception <a 'java/lang/NoSuchMethodError'{0x00000000a72fab18}: 'void java.lang.invoke.DirectMethodHandle$Holder.invokeInterface(java.lang.Object, java.lang.Object, java.lang.Object, java.lang.Object)'> (0x00000000a72fab18) 
thrown [s\open\src\hotspot\share\interpreter\linkResolver.cpp, line 796]
Event: 1.098 Thread 0x0000017faab76e10 Exception <a 'java/lang/NoSuchMethodError'{0x00000000a71c7268}: 'void java.lang.invoke.DirectMethodHandle$Holder.invokeSpecial(java.lang.Object, java.lang.Object, java.lang.Object)'> (0x00000000a71c7268) 
thrown [s\open\src\hotspot\share\interpreter\linkResolver.cpp, line 796]
Event: 1.102 Thread 0x0000017faab76e10 Exception <a 'java/lang/NoSuchMethodError'{0x00000000a71d0b18}: 'void java.lang.invoke.DirectMethodHandle$Holder.invokeStatic(java.lang.Object, int, java.lang.Object)'> (0x00000000a71d0b18) 
thrown [s\open\src\hotspot\share\interpreter\linkResolver.cpp, line 796]

VM Operations (8 events):
Event: 0.139 Executing VM operation: HandshakeAllThreads (Deoptimize)
Event: 0.139 Executing VM operation: HandshakeAllThreads (Deoptimize) done
Event: 0.713 Executing VM operation: HandshakeAllThreads (Deoptimize)
Event: 0.713 Executing VM operation: HandshakeAllThreads (Deoptimize) done
Event: 0.764 Executing VM operation: HandshakeAllThreads (Deoptimize)
Event: 0.764 Executing VM operation: HandshakeAllThreads (Deoptimize) done
Event: 0.774 Executing VM operation: HandshakeAllThreads (Deoptimize)
Event: 0.774 Executing VM operation: HandshakeAllThreads (Deoptimize) done

Memory protections (0 events):
No events

Nmethod flushes (0 events):
No events

Events (12 events):
Event: 0.037 Thread 0x0000017faab76e10 Thread added: 0x0000017faab76e10
Event: 0.050 Thread 0x0000017faab76e10 Thread added: 0x0000017fc6d72590
Event: 0.051 Thread 0x0000017faab76e10 Thread added: 0x0000017fc6d734b0
Event: 0.051 Thread 0x0000017faab76e10 Thread added: 0x0000017fc6d77a90
Event: 0.051 Thread 0x0000017faab76e10 Thread added: 0x0000017fc6d78770
Event: 0.051 Thread 0x0000017faab76e10 Thread added: 0x0000017fc6d791d0
Event: 0.051 Thread 0x0000017faab76e10 Thread added: 0x0000017fc6d82380
Event: 0.051 Thread 0x0000017faab76e10 Thread added: 0x0000017fc6d8a190
Event: 0.051 Thread 0x0000017faab76e10 Thread added: 0x0000017fc6d8b580
Event: 0.134 Thread 0x0000017faab76e10 Thread added: 0x0000017fc7420bf0
Event: 0.666 Thread 0x0000017faab76e10 Thread added: 0x0000017fc7a038d0
Event: 0.666 Thread 0x0000017faab76e10 Thread added: 0x0000017fc7a03f40


Dynamic libraries:
0x00007ff6b4430000 - 0x00007ff6b4440000 	C:\Program Files\Java\jdk-23\bin\java.exe
0x00007fffdac70000 - 0x00007fffdae87000 	C:\WINDOWS\SYSTEM32\ntdll.dll
0x00007fffda780000 - 0x00007fffda844000 	C:\WINDOWS\System32\KERNEL32.DLL
0x00007fffd80d0000 - 0x00007fffd84a3000 	C:\WINDOWS\System32\KERNELBASE.dll
0x00007fffd8550000 - 0x00007fffd8661000 	C:\WINDOWS\System32\ucrtbase.dll
0x00007fffc7f90000 - 0x00007fffc7fab000 	C:\Program Files\Java\jdk-23\bin\VCRUNTIME140.dll
0x00007fffc6ac0000 - 0x00007fffc6ad7000 	C:\Program Files\Java\jdk-23\bin\jli.dll
0x00007fffd8ec0000 - 0x00007fffd9071000 	C:\WINDOWS\System32\USER32.dll
0x00007fffc7040000 - 0x00007fffc72db000 	C:\WINDOWS\WinSxS\amd64_microsoft.windows.common-controls_6595b64144ccf1df_6.0.22621.5262_none_2712bde373830908\COMCTL32.dll
0x00007fffd8670000 - 0x00007fffd8696000 	C:\WINDOWS\System32\win32u.dll
0x00007fffd8da0000 - 0x00007fffd8e47000 	C:\WINDOWS\System32\msvcrt.dll
0x00007fffd9120000 - 0x00007fffd9149000 	C:\WINDOWS\System32\GDI32.dll
0x00007fffd7e30000 - 0x00007fffd7f52000 	C:\WINDOWS\System32\gdi32full.dll
0x00007fffd84b0000 - 0x00007fffd854a000 	C:\WINDOWS\System32\msvcp_win.dll
0x00007fffd9820000 - 0x00007fffd9851000 	C:\WINDOWS\System32\IMM32.DLL
0x00007fffd2c50000 - 0x00007fffd2c5c000 	C:\Program Files\Java\jdk-23\bin\vcruntime140_1.dll
0x00007fffc6a30000 - 0x00007fffc6abe000 	C:\Program Files\Java\jdk-23\bin\msvcp140.dll
0x00007fff6bd90000 - 0x00007fff6cadf000 	C:\Program Files\Java\jdk-23\bin\server\jvm.dll
0x00007fffd9df0000 - 0x00007fffd9ea1000 	C:\WINDOWS\System32\ADVAPI32.dll
0x00007fffd8b30000 - 0x00007fffd8bd7000 	C:\WINDOWS\System32\sechost.dll
0x00007fffd87e0000 - 0x00007fffd8808000 	C:\WINDOWS\System32\bcrypt.dll
0x00007fffda850000 - 0x00007fffda964000 	C:\WINDOWS\System32\RPCRT4.dll
0x00007fffdaa50000 - 0x00007fffdaac1000 	C:\WINDOWS\System32\WS2_32.dll
0x00007fffd7c50000 - 0x00007fffd7c9d000 	C:\WINDOWS\SYSTEM32\POWRPROF.dll
0x00007fffcf430000 - 0x00007fffcf464000 	C:\WINDOWS\SYSTEM32\WINMM.dll
0x00007fffcf1b0000 - 0x00007fffcf1ba000 	C:\WINDOWS\SYSTEM32\VERSION.dll
0x00007fffd7c20000 - 0x00007fffd7c33000 	C:\WINDOWS\SYSTEM32\UMPDC.dll
0x00007fffd6d70000 - 0x00007fffd6d88000 	C:\WINDOWS\SYSTEM32\kernel.appcore.dll
0x00007fffc7f80000 - 0x00007fffc7f8a000 	C:\Program Files\Java\jdk-23\bin\jimage.dll
0x00007fffd59d0000 - 0x00007fffd5c02000 	C:\WINDOWS\SYSTEM32\DBGHELP.DLL
0x00007fffd9410000 - 0x00007fffd97a3000 	C:\WINDOWS\System32\combase.dll
0x00007fffda970000 - 0x00007fffdaa47000 	C:\WINDOWS\System32\OLEAUT32.dll
0x00007fffc20e0000 - 0x00007fffc2112000 	C:\WINDOWS\SYSTEM32\dbgcore.DLL
0x00007fffd8890000 - 0x00007fffd890b000 	C:\WINDOWS\System32\bcryptPrimitives.dll
0x00007fffc5e60000 - 0x00007fffc5e6f000 	C:\Program Files\Java\jdk-23\bin\instrument.dll
0x00007fffc6a10000 - 0x00007fffc6a2e000 	C:\Program Files\Java\jdk-23\bin\java.dll
0x00007fffd8980000 - 0x00007fffd8b21000 	C:\WINDOWS\System32\ole32.dll
0x00007fffd9ec0000 - 0x00007fffda75d000 	C:\WINDOWS\System32\SHELL32.dll
0x00007fffd86a0000 - 0x00007fffd87df000 	C:\WINDOWS\System32\wintypes.dll
0x00007fffd5c60000 - 0x00007fffd657d000 	C:\WINDOWS\SYSTEM32\windows.storage.dll
0x00007fffd8c90000 - 0x00007fffd8d9b000 	C:\WINDOWS\System32\SHCORE.dll
0x00007fffd9150000 - 0x00007fffd91b6000 	C:\WINDOWS\System32\shlwapi.dll
0x00007fffd7ca0000 - 0x00007fffd7ccb000 	C:\WINDOWS\SYSTEM32\profapi.dll
0x00007fffc01a0000 - 0x00007fffc0277000 	C:\Program Files\Java\jdk-23\bin\jsvml.dll
0x00007fffc54f0000 - 0x00007fffc5507000 	C:\Program Files\Java\jdk-23\bin\zip.dll
0x00007fffc6b10000 - 0x00007fffc6b20000 	C:\Program Files\Java\jdk-23\bin\net.dll
0x00007fffd71e0000 - 0x00007fffd724a000 	C:\WINDOWS\system32\mswsock.dll
0x00007fffc5510000 - 0x00007fffc5526000 	C:\Program Files\Java\jdk-23\bin\nio.dll
0x00007fffc54e0000 - 0x00007fffc54e9000 	C:\Program Files\Java\jdk-23\bin\extnet.dll

dbghelp: loaded successfully - version: 4.0.5 - missing functions: none
symbol engine: initialized successfully - sym options: 0x614 - pdb path: .;C:\Program Files\Java\jdk-23\bin;C:\WINDOWS\SYSTEM32;C:\WINDOWS\WinSxS\amd64_microsoft.windows.common-controls_6595b64144ccf1df_6.0.22621.5262_none_2712bde373830908;C:\Program Files\Java\jdk-23\bin\server

VM Arguments:
jvm_args: -javaagent:C:\Program Files\JetBrains\IntelliJ IDEA Community Edition 2024.3.5\lib\idea_rt.jar=58736 -Dfile.encoding=UTF-8 -Dsun.stdout.encoding=UTF-8 -Dsun.stderr.encoding=UTF-8 
java_command: com.fintara.Main
java_class_path (initial): D:\Bootcamp ITDP 11\Project\Fintara_BE\target\classes;C:\Users\chand\.m2\repository\org\springframework\boot\spring-boot-devtools\3.2.4\spring-boot-devtools-3.2.4.jar;C:\Users\chand\.m2\repository\org\springframework\boot\spring-boot\3.2.4\spring-boot-3.2.4.jar;C:\Users\chand\.m2\repository\org\springframework\spring-context\6.1.5\spring-context-6.1.5.jar;C:\Users\chand\.m2\repository\org\springframework\boot\spring-boot-autoconfigure\3.2.4\spring-boot-autoconfigure-3.2.4.jar;C:\Users\chand\.m2\repository\org\springframework\security\spring-security-core\6.2.3\spring-security-core-6.2.3.jar;C:\Users\chand\.m2\repository\org\springframework\security\spring-security-crypto\6.2.3\spring-security-crypto-6.2.3.jar;C:\Users\chand\.m2\repository\org\springframework\spring-beans\6.1.5\spring-beans-6.1.5.jar;C:\Users\chand\.m2\repository\org\springframework\spring-expression\6.1.5\spring-expression-6.1.5.jar;C:\Users\chand\.m2\repository\org\springframework\security\spring-security-web\6.2.3\spring-security-web-6.2.3.jar;C:\Users\chand\.m2\repository\org\springframework\spring-core\6.1.5\spring-core-6.1.5.jar;C:\Users\chand\.m2\repository\org\springframework\spring-jcl\6.1.5\spring-jcl-6.1.5.jar;C:\Users\chand\.m2\repository\org\springframework\boot\spring-boot-starter-web\3.2.4\spring-boot-starter-web-3.2.4.jar;C:\Users\chand\.m2\repository\org\springframework\boot\spring-boot-starter\3.2.4\spring-boot-starter-3.2.4.jar;C:\Users\chand\.m2\repository\org\springframework\boot\spring-boot-starter-logging\3.2.4\spring-boot-starter-logging-3.2.4.jar;C:\Users\chand\.m2\repository\ch\qos\logback\logback-classic\1.4.14\logback-classic-1.4.14.jar;C:\Users\chand\.m2\repository\ch\qos\logback\logback-core\1.4.14\logback-core-1.4.14.jar;C:\Users\chand\.m2\repository\org\apache\logging\log4j\log4j-to-slf4j\2.21.1\log4j-to-slf4j-2.21.1.jar;C:\Users\chand\.m2\repository\org\apache\logging\log4j\log4j-api\2.21.1\log4j-api-2.21.1.jar;C:\Users\chand\.m2\repository\org\slf4j\jul-to-slf4j\2.0.12\jul-to-slf4j-2.0.12.jar;C:\Users\chand\.m2\repository\jakarta\annotation\jakarta.annotation-api\2.1.1\jakarta.annotation-api-2.1.1.jar;C:\Users\chand\.m2\repository\org\yaml\snakeyaml\2.2\snakeyaml-2.2.jar;C:\Users\chand\.m2\repository\org\springframework\boot\spring-boot-starter-json\3.2.4\spring-boot-starter-json-3.2.4.jar;C:\Users\chand\.m2\repository\com\fasterxml\jackson\datatype\jackson-datatype-jdk8\2.15.4\jackson-datatype-jdk8-2.15.4.jar;C:\Users\chand\.m2\repository\com\fasterxml\jackson\datatype\jackson-datatype-jsr310\2.15.4\jackson-datatype-jsr310-2.15.4.jar;C:\Users\chand\.m2\repository\com\fasterxml\jackson\module\jackson-module-parameter-names\2.15.4\jackson-module-parameter-names-2.15.4.jar;C:\Users\chand\.m2\repository\org\springframework\boot\spring-boot-starter-tomcat\3.2.4\spring-boot-starter-tomcat-3.2.4.jar;C:\Users\chand\.m2\repository\org\apache\tomcat\embed\tomcat-embed-core\10.1.19\tomcat-embed-core-10.1.19.jar;C:\Users\chand\.m2\repository\org\apache\tomcat\embed\tomcat-embed-websocket\10.1.19\tomcat-embed-websocket-10.1.19.jar;C:\Users\chand\.m2\repository\org\springframework\spring-web\6.1.5\spring-web-6.1.5.jar;C:\Users\chand\.m2\repository\org\springframework\spring-webmvc\6.1.5\spring-webmvc-6.1.5.jar;C:\Users\chand\.m2\repository\org\springframework\boot\spring-boot-starter-data-jpa\3.2.4\spring-boot-starter-data-jpa-3.2.4.jar;C:\Users\chand\.m2\repository\org\springframework\boot\spring-boot-starter-aop\3.2.4\spring-boot-starter-aop-3.2.4.jar;C:\Users\chand\.m2\repository\org\aspectj\aspectjweaver\1.9.21\aspectjweaver-1.9.21.jar;C:\Users\chand\.m2\repository\org\springframework\boot\spring-boot-starter-jdbc\3.2.4\spring-boot-starter-jdbc-3.2.4.jar;C:\Users\chand\.m2\repository\com\zaxxer\HikariCP\5.0.1\HikariCP-5.0.1.jar;C:\Users\chand\.m2\repository\org\springframework\spring-jdbc\6.1.5\spring-jdbc-6.1.5.jar;C:\Users\chand\.m2\repository\org\hibernate\orm\hibernate-core\6.4.4.Final\hibernate-core-6.4.4.Final.jar;C:\Users\chand\.m2\repository\jakarta\persistence\jakarta.persistence-api\3.1.0\jakarta.persistence-api-3.1.0.jar;C:\Users\chand\.m2\repository\jakarta\transaction\jakarta.transaction-api\2.0.1\jakarta.transaction-api-2.0.1.jar;C:\Users\chand\.m2\repository\org\jboss\logging\jboss-logging\3.5.3.Final\jboss-logging-3.5.3.Final.jar;C:\Users\chand\.m2\repository\org\hibernate\common\hibernate-commons-annotations\6.0.6.Final\hibernate-commons-annotations-6.0.6.Final.jar;C:\Users\chand\.m2\repository\io\smallrye\jandex\3.1.2\jandex-3.1.2.jar;C:\Users\chand\.m2\repository\com\fasterxml\classmate\1.6.0\classmate-1.6.0.jar;C:\Users\chand\.m2\repository\net\bytebuddy\byte-buddy\1.14.12\byte-buddy-1.14.12.jar;C:\Users\chand\.m2\repository\org\glassfish\jaxb\jaxb-runtime\4.0.5\jaxb-runtime-4.0.5.jar;C:\Users\chand\.m2\repository\org\glassfish\jaxb\jaxb-core\4.0.5\jaxb-core-4.0.5.jar;C:\Users\chand\.m2\repository\org\glassfish\jaxb\txw2\4.0.5\txw2-4.0.5.jar;C:\Users\chand\.m2\repository\com\sun\istack\istack-commons-runtime\4.1.2\istack-commons-runtime-4.1.2.jar;C:\Users\chand\.m2\repository\jakarta\inject\jakarta.inject-api\2.0.1\jakarta.inject-api-2.0.1.jar;C:\Users\chand\.m2\repository\org\antlr\antlr4-runtime\4.13.0\antlr4-runtime-4.13.0.jar;C:\Users\chand\.m2\repository\org\springframework\data\spring-data-jpa\3.2.4\spring-data-jpa-3.2.4.jar;C:\Users\chand\.m2\repository\org\springframework\data\spring-data-commons\3.2.4\spring-data-commons-3.2.4.jar;C:\Users\chand\.m2\repository\org\springframework\spring-orm\6.1.5\spring-orm-6.1.5.jar;C:\Users\chand\.m2\repository\org\springframework\spring-tx\6.1.5\spring-tx-6.1.5.jar;C:\Users\chand\.m2\repository\org\slf4j\slf4j-api\2.0.12\slf4j-api-2.0.12.jar;C:\Users\chand\.m2\repository\org\springframework\spring-aspects\6.1.5\spring-aspects-6.1.5.jar;C:\Users\chand\.m2\repository\org\postgresql\postgresql\42.6.2\postgresql-42.6.2.jar;C:\Users\chand\.m2\repository\org\checkerframework\checker-qual\3.31.0\checker-qual-3.31.0.jar;C:\Users\chand\.m2\repository\jakarta\xml\bind\jakarta.xml.bind-api\4.0.2\jakarta.xml.bind-api-4.0.2.jar;C:\Users\chand\.m2\repository\jakarta\activation\jakarta.activation-api\2.1.3\jakarta.activation-api-2.1.3.jar;C:\Users\chand\.m2\repository\com\auth0\java-jwt\4.4.0\java-jwt-4.4.0.jar;C:\Users\chand\.m2\repository\com\fasterxml\jackson\core\jackson-databind\2.15.4\jackson-databind-2.15.4.jar;C:\Users\chand\.m2\repository\com\fasterxml\jackson\core\jackson-annotations\2.15.4\jackson-annotations-2.15.4.jar;C:\Users\chand\.m2\repository\com\fasterxml\jackson\core\jackson-core\2.15.4\jackson-core-2.15.4.jar;C:\Users\chand\.m2\repository\com\microsoft\sqlserver\mssql-jdbc\12.4.2.jre11\mssql-jdbc-12.4.2.jre11.jar;C:\Users\chand\.m2\repository\org\springframework\boot\spring-boot-starter-security\3.2.4\spring-boot-starter-security-3.2.4.jar;C:\Users\chand\.m2\repository\org\springframework\spring-aop\6.1.5\spring-aop-6.1.5.jar;C:\Users\chand\.m2\repository\org\springframework\security\spring-security-config\6.2.3\spring-security-config-6.2.3.jar;C:\Users\chand\.m2\repository\org\springframework\boot\spring-boot-starter-mail\3.2.4\spring-boot-starter-mail-3.2.4.jar;C:\Users\chand\.m2\repository\org\springframework\spring-context-support\6.1.5\spring-context-support-6.1.5.jar;C:\Users\chand\.m2\repository\org\eclipse\angus\jakarta.mail\2.0.3\jakarta.mail-2.0.3.jar;C:\Users\chand\.m2\repository\org\eclipse\angus\angus-activation\2.0.2\angus-activation-2.0.2.jar;C:\Users\chand\.m2\repository\org\springframework\boot\spring-boot-starter-actuator\3.2.4\spring-boot-starter-actuator-3.2.4.jar;C:\Users\chand\.m2\repository\org\springframework\boot\spring-boot-actuator-autoconfigure\3.2.4\spring-boot-actuator-autoconfigure-3.2.4.jar;C:\Users\chand\.m2\repository\org\springframework\boot\spring-boot-actuator\3.2.4\spring-boot-actuator-3.2.4.jar;C:\Users\chand\.m2\repository\io\micrometer\micrometer-observation\1.12.4\micrometer-observation-1.12.4.jar;C:\Users\chand\.m2\repository\io\micrometer\micrometer-commons\1.12.4\micrometer-commons-1.12.4.jar;C:\Users\chand\.m2\repository\io\micrometer\micrometer-jakarta9\1.12.4\micrometer-jakarta9-1.12.4.jar;C:\Users\chand\.m2\repository\io\micrometer\micrometer-core\1.12.4\micrometer-core-1.12.4.jar;C:\Users\chand\.m2\repository\org\hdrhistogram\HdrHistogram\2.1.12\HdrHistogram-2.1.12.jar;C:\Users\chand\.m2\repository\org\latencyutils\LatencyUtils\2.0.3\LatencyUtils-2.0.3.jar;C:\Users\chand\.m2\repository\org\springdoc\springdoc-openapi-starter-webmvc-ui\2.1.0\springdoc-openapi-starter-webmvc-ui-2.1.0.jar;C:\Users\chand\.m2\repository\org\springdoc\springdoc-openapi-starter-webmvc-api\2.1.0\springdoc-openapi-starter-webmvc-api-2.1.0.jar;C:\Users\chand\.m2\repository\org\springdoc\springdoc-openapi-starter-common\2.1.0\springdoc-openapi-starter-common-2.1.0.jar;C:\Users\chand\.m2\repository\io\swagger\core\v3\swagger-core-jakarta\2.2.9\swagger-core-jakarta-2.2.9.jar;C:\Users\chand\.m2\repository\io\swagger\core\v3\swagger-annotations-jakarta\2.2.9\swagger-annotations-jakarta-2.2.9.jar;C:\Users\chand\.m2\repository\io\swagger\core\v3\swagger-models-jakarta\2.2.9\swagger-models-jakarta-2.2.9.jar;C:\Users\chand\.m2\repository\com\fasterxml\jackson\dataformat\jackson-dataformat-yaml\2.15.4\jackson-dataformat-yaml-2.15.4.jar;C:\Users\chand\.m2\repository\org\webjars\swagger-ui\4.18.2\swagger-ui-4.18.2.jar;C:\Users\chand\.m2\repository\io\jsonwebtoken\jjwt\0.12.5\jjwt-0.12.5.jar;C:\Users\chand\.m2\repository\io\jsonwebtoken\jjwt-api\0.12.5\jjwt-api-0.12.5.jar;C:\Users\chand\.m2\repository\io\jsonwebtoken\jjwt-impl\0.12.5\jjwt-impl-0.12.5.jar;C:\Users\chand\.m2\repository\io\jsonwebtoken\jjwt-jackson\0.12.5\jjwt-jackson-0.12.5.jar;C:\Users\chand\.m2\repository\org\springframework\boot\spring-boot-starter-validation\3.2.4\spring-boot-starter-validation-3.2.4.jar;C:\Users\chand\.m2\repository\org\apache\tomcat\embed\tomcat-embed-el\10.1.19\tomcat-embed-el-10.1.19.jar;C:\Users\chand\.m2\repository\org\hibernate\validator\hibernate-validator\8.0.1.Final\hibernate-validator-8.0.1.Final.jar;C:\Users\chand\.m2\repository\jakarta\validation\jakarta.validation-api\3.0.2\jakarta.validation-api-3.0.2.jar;C:\Users\chand\.m2\repository\org\springframework\boot\spring-boot-starter-data-redis\3.2.4\spring-boot-starter-data-redis-3.2.4.jar;C:\Users\chand\.m2\repository\io\lettuce\lettuce-core\6.3.2.RELEASE\lettuce-core-6.3.2.RELEASE.jar;C:\Users\chand\.m2\repository\io\netty\netty-common\4.1.107.Final\netty-common-4.1.107.Final.jar;C:\Users\chand\.m2\repository\io\netty\netty-handler\4.1.107.Final\netty-handler-4.1.107.Final.jar;C:\Users\chand\.m2\repository\io\netty\netty-resolver\4.1.107.Final\netty-resolver-4.1.107.Final.jar;C:\Users\chand\.m2\repository\io\netty\netty-buffer\4.1.107.Final\netty-buffer-4.1.107.Final.jar;C:\Users\chand\.m2\repository\io\netty\netty-transport-native-unix-common\4.1.107.Final\netty-transport-native-unix-common-4.1.107.Final.jar;C:\Users\chand\.m2\repository\io\netty\netty-codec\4.1.107.Final\netty-codec-4.1.107.Final.jar;C:\Users\chand\.m2\repository\io\netty\netty-transport\4.1.107.Final\netty-transport-4.1.107.Final.jar;C:\Users\chand\.m2\repository\io\projectreactor\reactor-core\3.6.4\reactor-core-3.6.4.jar;C:\Users\chand\.m2\repository\org\reactivestreams\reactive-streams\1.0.4\reactive-streams-1.0.4.jar;C:\Users\chand\.m2\repository\org\springframework\data\spring-data-redis\3.2.4\spring-data-redis-3.2.4.jar;C:\Users\chand\.m2\repository\org\springframework\data\spring-data-keyvalue\3.2.4\spring-data-keyvalue-3.2.4.jar;C:\Users\chand\.m2\repository\org\springframework\spring-oxm\6.1.5\spring-oxm-6.1.5.jar;C:\Users\chand\.m2\repository\org\modelmapper\modelmapper\3.1.1\modelmapper-3.1.1.jar;C:\Users\chand\.m2\repository\io\github\cdimascio\dotenv-java\3.0.0\dotenv-java-3.0.0.jar;C:\Users\chand\.m2\repository\com\cloudinary\cloudinary-http44\1.37.0\cloudinary-http44-1.37.0.jar;C:\Users\chand\.m2\repository\com\cloudinary\cloudinary-core\1.37.0\cloudinary-core-1.37.0.jar;C:\Users\chand\.m2\repository\org\apache\commons\commons-lang3\3.13.0\commons-lang3-3.13.0.jar;C:\Users\chand\.m2\repository\org\apache\httpcomponents\httpclient\4.4\httpclient-4.4.jar;C:\Users\chand\.m2\repository\org\apache\httpcomponents\httpcore\4.4.16\httpcore-4.4.16.jar;C:\Users\chand\.m2\repository\commons-logging\commons-logging\1.2\commons-logging-1.2.jar;C:\Users\chand\.m2\repository\commons-codec\commons-codec\1.16.1\commons-codec-1.16.1.jar;C:\Users\chand\.m2\repository\org\apache\httpcomponents\httpmime\4.4\httpmime-4.4.jar
Launcher Type: SUN_STANDARD

[Global flags]
     intx CICompilerCount                          = 4                                         {product} {ergonomic}
     uint ConcGCThreads                            = 3                                         {product} {ergonomic}
     uint G1ConcRefinementThreads                  = 10                                        {product} {ergonomic}
   size_t G1HeapRegionSize                         = 1048576                                   {product} {ergonomic}
   size_t InitialHeapSize                          = 98566144                                  {product} {ergonomic}
   size_t MarkStackSize                            = 4194304                                   {product} {ergonomic}
   size_t MarkStackSizeMax                         = 536870912                                 {product} {ergonomic}
   size_t MaxHeapSize                              = 1572864000                                {product} {ergonomic}
   size_t MaxNewSize                               = 943718400                                 {product} {ergonomic}
   size_t MinHeapDeltaBytes                        = 1048576                                   {product} {ergonomic}
   size_t MinHeapSize                              = 8388608                                   {product} {ergonomic}
    uintx NonNMethodCodeHeapSize                   = 5832704                                {pd product} {ergonomic}
    uintx NonProfiledCodeHeapSize                  = 122945536                              {pd product} {ergonomic}
    uintx ProfiledCodeHeapSize                     = 122880000                              {pd product} {ergonomic}
    uintx ReservedCodeCacheSize                    = 251658240                              {pd product} {ergonomic}
     bool SegmentedCodeCache                       = true                                      {product} {ergonomic}
   size_t SoftMaxHeapSize                          = 1572864000                             {manageable} {ergonomic}
     bool UseCompressedOops                        = true                           {product lp64_product} {ergonomic}
     bool UseG1GC                                  = true                                      {product} {ergonomic}
     bool UseLargePagesIndividualAllocation        = false                                  {pd product} {ergonomic}

Logging:
Log output configuration:
 #0: stdout all=warning uptime,level,tags foldmultilines=false
 #1: stderr all=off uptime,level,tags foldmultilines=false

Environment Variables:
JAVA_HOME=C:\Program Files\Java\jdk-23
PATH=C:\Program Files\NVIDIA GPU Computing Toolkit\CUDA\v11.8\bin;C:\Program Files\NVIDIA GPU Computing Toolkit\CUDA\v11.8\libnvvp;C:\Program Files\NVIDIA GPU Computing Toolkit\CUDA\v11.2\bin;C:\Program Files\NVIDIA GPU Computing Toolkit\CUDA\v11.2\libnvvp;C:\Program Files\Common Files\Oracle\Java\javapath;C:\Program Files (x86)\Common Files\Oracle\Java\java8path;C:\Program Files (x86)\Common Files\Oracle\Java\javapath;C:\Windows\system32;C:\Windows;C:\Windows\System32\Wbem;C:\Windows\System32\WindowsPowerShell\v1.0\;C:\Windows\System32\OpenSSH\;C:\Program Files\PuTTY\;C:\MinGW\bin;C:\Program Files\NVIDIA Corporation\NVIDIA NvDLISR;C:\Users\chand\AppData\Roaming\nvm;C:\Program Files\nodejs;C:\Program Files\nodejs;C:\flutter\bin;C:\Program Files\MongoDB\Server\5.0\bin;C:\Program Files\Java\jdk-23\bin;C:\Gradle\gradle-7.5.1\bin;C:\Program Files\Microsoft MPI\Bin;C:\WINDOWS\system32;C:\WINDOWS;C:\WINDOWS\System32\Wbem;C:\WINDOWS\System32\WindowsPowerShell\v1.0\;C:\WINDOWS\System32\OpenSSH\;C:\ProgramData\ComposerSetup\bin;D:\xampp\php;D:\xampp\mysql\bin;D:\ngrok;C:\Program Files\Tesseract-OCR;C:\Users\chand\AppData\Local\Programs\Python\Python38;C:\Program Files (x86)\NVIDIA Corporation\PhysX\Common;C:\Program Files\NVIDIA Corporation\Nsight Compute 2022.3.0\;C:\Program Files\Cloudflare\Cloudflare WARP\;C:\Program Files\Git LFS;C:\Users\chand\AppData\Local\Programs\Python\Python311\python.exe;C:\Users\chand\AppData\Local\Programs\Python\Python311;C:\Users\chand\AppData\Local\Programs\Python\Python311\Scripts;C:\Program Files (x86)\Google\Cloud SDK\google-cloud-sdk\bin;C:\Program Files\Go\bin;C:\xampp\php;C:\Program Files\Docker\Docker\resources\bin;C:\ProgramData\chocolatey\bin;C:\Program Files\apache-maven-3.9.9\bin;C:\Program Files\nodejs\;C:\Program Files\Git\cmd;C:\Program Files (x86)\Microsoft SQL Server\160\DTS\Binn\;C:\Program Files (x86)\Microsoft SQL Server\160\Tools\Binn\;C:\Program Files\Microsoft SQL Server\160\Tools\Binn\;C:\Program Files\Microsoft SQL Server\Client SDK\ODBC\170\Tools\Binn\;C:\Program Files\Microsoft SQL Server\160\DTS\Binn\;C:\Users\chand\AppData\Local\Programs\Python\Python311\Scripts\;C:\Users\chand\AppData\Local\Programs\Python\Python311\;C:\Users\chand\AppData\Local\Programs\Python\Python39\Scripts\;C:\Users\chand\AppData\Local\Programs\Python\Python39\;C:\Users\chand\AppData\Local\Microsoft\WindowsApps;C:\Program Files\JetBrains\PyCharm 2023.2.5\bin;;C:\Program Files\JetBrains\WebStorm 2022.2.1\bin;;C:\Program Files\Azure Data Studio\bin;C:\Program Files\JetBrains\CLion 2022.1.2\bin;;C:\Program Files\JetBrains\IntelliJ IDEA 2024.3.4.1\bin;;C:\Users\chand\AppData\Roaming\nvm;C:\Program Files\nodejs;C:\Program Files\JetBrains\PhpStorm 2022.1.4\bin;;C:\Program Files\heroku\bin;C:\Program Files\JetBrains\PyCharm Community Edition 2023.1.3\bin;;C:\Program Files\Java\jdk-11.0.17\bin;C:\Users\chand\AppData\Local\Android\Sdk;C:\Users\chand\AppData\Local\Android\Sdk\platform-tools;C:\Users\chand\AppData\Local\Android\Sdk\tools\emulator;C:\Users\chand\AppData\Local\Android\Sdk\cmdline-tools\latest\bin;C:\Users\chand\AppData\Roaming\Composer\vendor\bin;C:\Program Files\JetBrains\GoLand 2023.2.1\bin;;C:\Program Files\NVIDIA GPU Computing Toolkit\CUDA\v11.8\bin;C:\Program Files\NVIDIA GPU Computing Toolkit\CUDA\v11.8\libnvvp;C:\Users\chand\AppData\Local\Programs\Python\Python311\Scripts;C:\Users\chand\AppData\Local\Programs\Python\Python311;C:\Users\chand\go\bin;C:\xampp\php;C:\Users\chand\AppData\Local\Programs\Microsoft VS Code\bin;C:\Users\chand\AppData\Roaming\npm;C:\Program Files\JetBrains\IntelliJ IDEA Community Edition 2024.3.5\bin;
USERNAME=chand
OS=Windows_NT
PROCESSOR_IDENTIFIER=AMD64 Family 25 Model 80 Stepping 0, AuthenticAMD
TMP=C:\Users\chand\AppData\Local\Temp
TEMP=C:\Users\chand\AppData\Local\Temp




Periodic native trim disabled

---------------  S Y S T E M  ---------------

OS:
 Windows 11 , 64 bit Build 22621 (10.0.22621.5262)
OS uptime: 2 days 20:20 hours
Hyper-V role detected

CPU: total 12 (initial active 12) (12 cores per cpu, 2 threads per core) family 25 model 80 stepping 0 microcode 0x0, cx8, cmov, fxsr, ht, mmx, 3dnowpref, sse, sse2, sse3, ssse3, sse4a, sse4.1, sse4.2, popcnt, lzcnt, tsc, tscinvbit, avx, avx2, aes, erms, clmul, bmi1, bmi2, adx, sha, fma, vzeroupper, clflush, clflushopt, hv, rdtscp, rdpid, fsrm, f16c, cet_ss
Processor Information for the first 12 processors :
  Max Mhz: 3301, Current Mhz: 3301, Mhz Limit: 3301

Memory: 4k page, system-wide physical 5996M (161M free)
TotalPageFile size 24428M (AvailPageFile size 127M)
current process WorkingSet (physical memory assigned to process): 75M, peak: 75M
current process commit charge ("private bytes"): 198M, peak: 198M

vm_info: Java HotSpot(TM) 64-Bit Server VM (23.0.1+11-39) for windows-amd64 JRE (23.0.1+11-39), built on 2024-09-30T07:20:43Z with MS VC++ 17.6 (VS2022)

END.
